<?xml version="1.0" encoding="UTF-8"?>
<testng-results ignored="0" total="2" passed="2" failed="0" skipped="0">
  <reporter-output>
  </reporter-output>
  <suite started-at="2025-10-16T11:12:35 IST" name="Surefire suite" finished-at="2025-10-16T11:12:56 IST" duration-ms="21400">
    <groups>
    </groups>
    <test started-at="2025-10-16T11:12:35 IST" name="Surefire test" finished-at="2025-10-16T11:12:56 IST" duration-ms="21400">
      <class name="com.selenium.testng.Test1">
        <test-method is-config="true" signature="createDriver()[pri:0, instance:com.selenium.testng.Test1@60d8c9b7]" started-at="2025-10-16T11:12:35 IST" name="createDriver" finished-at="2025-10-16T11:12:46 IST" duration-ms="11606" status="PASS">
          <reporter-output>
          </reporter-output>
        </test-method> <!-- createDriver -->
        <test-method signature="login()[pri:0, instance:com.selenium.testng.Test1@60d8c9b7]" started-at="2025-10-16T11:12:46 IST" name="login" finished-at="2025-10-16T11:12:49 IST" duration-ms="2726" status="PASS">
          <reporter-output>
          </reporter-output>
        </test-method> <!-- login -->
        <test-method signature="checkPage()[pri:0, instance:com.selenium.testng.Test1@60d8c9b7]" started-at="2025-10-16T11:12:49 IST" name="checkPage" finished-at="2025-10-16T11:12:52 IST" depends-on-methods="com.selenium.testng.Test1.login" duration-ms="2870" status="PASS">
          <reporter-output>
          </reporter-output>
        </test-method> <!-- checkPage -->
        <test-method is-config="true" signature="close()[pri:0, instance:com.selenium.testng.Test1@60d8c9b7]" started-at="2025-10-16T11:12:52 IST" name="close" finished-at="2025-10-16T11:12:56 IST" duration-ms="4027" status="PASS">
          <reporter-output>
          </reporter-output>
        </test-method> <!-- close -->
      </class> <!-- com.selenium.testng.Test1 -->
    </test> <!-- Surefire test -->
  </suite> <!-- Surefire suite -->
</testng-results>
